<?xml version="1.0" encoding="UTF-8"?>
<!-- Generated by org.testng.reporters.JUnitXMLReporter -->
<testsuite hostname="DSK-0030" name="FirefoxTest" tests="1" failures="1" timestamp="25 Sep 2015 15:29:41 GMT" time="0.592" errors="0">
  <testcase name="main" time="0.591" classname="com.keyword.sample.KeyWordExecution">
    <failure type="java.lang.NullPointerException">
      <![CDATA[java.lang.NullPointerException
	at java.lang.String.replace(Unknown Source)
	at com.relevantcodes.extentreports.Logger.log(Logger.java:66)
	at com.relevantcodes.extentreports.AbstractLog.log(AbstractLog.java:70)
	at com.relevantcodes.extentreports.ExtentReports.log(ExtentReports.java:138)
	at com.keyword.sample.KeyWordExample.pass(KeyWordExample.java:69)
	at com.keyword.sample.KeyWordExecution.runReflectionMethod(KeyWordExecution.java:57)
	at com.keyword.sample.KeyWordExecution.main(KeyWordExecution.java:101)
	at java.util.concurrent.FutureTask$Sync.innerRun(Unknown Source)
	at java.util.concurrent.FutureTask.run(Unknown Source)
	at java.util.concurrent.ThreadPoolExecutor.runWorker(Unknown Source)
	at java.util.concurrent.ThreadPoolExecutor$Worker.run(Unknown Source)
	at java.lang.Thread.run(Unknown Source)
... Removed 16 stack frames]]>
    </failure>
  </testcase> <!-- main -->
</testsuite> <!-- FirefoxTest -->
